<?xml version="1.0" encoding="UTF-8"?>
<testsuite name="StylistTest" tests="6" skipped="0" failures="0" errors="0" timestamp="2016-05-06T23:18:33" hostname="Justins-MacBook-Pro.local" time="0.079">
  <properties/>
  <testcase name="stylist_instantiatesCorrectly_true" classname="StylistTest" time="0.011"/>
  <testcase name="getPhone_getsStylistPhoneNumber_String" classname="StylistTest" time="0.009"/>
  <testcase name="getLocation_getsStylistLocationCorrectly_String" classname="StylistTest" time="0.007"/>
  <testcase name="getStylistId_returnsIdUponSave_int" classname="StylistTest" time="0.023"/>
  <testcase name="findStylist_findStylistById_String" classname="StylistTest" time="0.021"/>
  <testcase name="getName_getsStylistNameCorrectly_String" classname="StylistTest" time="0.007"/>
  <system-out><![CDATA[]]></system-out>
  <system-err><![CDATA[]]></system-err>
</testsuite>
